c:\github\spacesodomy\leveleditor\leveleditor\release\vc141.pdb
c:\github\spacesodomy\leveleditor\leveleditor\release\lasercarrier.obj
c:\github\spacesodomy\leveleditor\leveleditor\release\laser.obj
c:\github\spacesodomy\leveleditor\leveleditor\release\gun.obj
c:\github\spacesodomy\leveleditor\leveleditor\release\getmillicount.obj
c:\github\spacesodomy\leveleditor\leveleditor\release\geometry.obj
c:\github\spacesodomy\leveleditor\leveleditor\release\exit.obj
c:\github\spacesodomy\leveleditor\leveleditor\release\engine.obj
c:\github\spacesodomy\leveleditor\leveleditor\release\drawsystem.objects.obj
c:\github\spacesodomy\leveleditor\leveleditor\release\drawsystem.loadtextures.obj
c:\github\spacesodomy\leveleditor\leveleditor\release\drawsystem.drawwalls.obj
c:\github\spacesodomy\leveleditor\leveleditor\release\drawsystem.obj
c:\github\spacesodomy\leveleditor\leveleditor\release\drawsystem.basics.obj
c:\github\spacesodomy\leveleditor\leveleditor\release\creature.obj
c:\github\spacesodomy\leveleditor\leveleditor\release\control.events.obj
c:\github\spacesodomy\leveleditor\leveleditor\release\control.obj
c:\github\spacesodomy\leveleditor\leveleditor\release\color.obj
c:\github\spacesodomy\leveleditor\leveleditor\release\cell.obj
c:\github\spacesodomy\leveleditor\leveleditor\release\camera.obj
c:\github\spacesodomy\leveleditor\leveleditor\release\bonus.obj
c:\github\spacesodomy\leveleditor\leveleditor\release\body.obj
c:\github\spacesodomy\leveleditor\leveleditor\release\vector2d.obj
c:\github\spacesodomy\leveleditor\leveleditor\release\unit.obj
c:\github\spacesodomy\leveleditor\leveleditor\release\turret.obj
c:\github\spacesodomy\leveleditor\leveleditor\release\system.save.obj
c:\github\spacesodomy\leveleditor\leveleditor\release\system.obj
c:\github\spacesodomy\leveleditor\leveleditor\release\shooter.obj
c:\github\spacesodomy\leveleditor\leveleditor\release\ship.obj
c:\github\spacesodomy\leveleditor\leveleditor\release\rocketlauncher.obj
c:\github\spacesodomy\leveleditor\leveleditor\release\robot.obj
c:\github\spacesodomy\leveleditor\leveleditor\release\orderlist.obj
c:\github\spacesodomy\leveleditor\leveleditor\release\mover.obj
c:\github\spacesodomy\leveleditor\leveleditor\release\mouse.obj
c:\github\spacesodomy\leveleditor\leveleditor\release\main.obj
c:\github\spacesodomy\leveleditor\leveleditor\release\menu.obj
c:\github\spacesodomy\leveleditor\leveleditor\release\button.obj
c:\github\spacesodomy\leveleditor\leveleditor\release\control.actions.obj
c:\github\spacesodomy\leveleditor\release\leveleditor.ipdb
c:\github\spacesodomy\leveleditor\release\leveleditor.iobj
c:\github\spacesodomy\leveleditor\release\leveleditor.exe
c:\github\spacesodomy\leveleditor\release\leveleditor.pdb
c:\github\spacesodomy\leveleditor\leveleditor\release\leveleditor.tlog\cl.command.1.tlog
c:\github\spacesodomy\leveleditor\leveleditor\release\leveleditor.tlog\cl.read.1.tlog
c:\github\spacesodomy\leveleditor\leveleditor\release\leveleditor.tlog\cl.write.1.tlog
c:\github\spacesodomy\leveleditor\leveleditor\release\leveleditor.tlog\leveleditor.write.1u.tlog
c:\github\spacesodomy\leveleditor\leveleditor\release\leveleditor.tlog\link.command.1.tlog
c:\github\spacesodomy\leveleditor\leveleditor\release\leveleditor.tlog\link.read.1.tlog
c:\github\spacesodomy\leveleditor\leveleditor\release\leveleditor.tlog\link.write.1.tlog
