c:\users\ilyin\github\spacesodomyonline\server\server\release\vc142.pdb
c:\users\ilyin\github\spacesodomyonline\server\server\release\vector2d.obj
c:\users\ilyin\github\spacesodomyonline\server\server\release\system.step.obj
c:\users\ilyin\github\spacesodomyonline\server\server\release\system.obj
c:\users\ilyin\github\spacesodomyonline\server\server\release\random.obj
c:\users\ilyin\github\spacesodomyonline\server\server\release\mouse.obj
c:\users\ilyin\github\spacesodomyonline\server\server\release\main.obj
c:\users\ilyin\github\spacesodomyonline\server\server\release\getmillicount.obj
c:\users\ilyin\github\spacesodomyonline\server\server\release\geometry.obj
c:\users\ilyin\github\spacesodomyonline\server\server\release\gamepad.obj
c:\users\ilyin\github\spacesodomyonline\server\server\release\drawsystem.loadtextures.obj
c:\users\ilyin\github\spacesodomyonline\server\server\release\drawsystem.obj
c:\users\ilyin\github\spacesodomyonline\server\server\release\drawsystem.basics.obj
c:\users\ilyin\github\spacesodomyonline\server\server\release\control.events.obj
c:\users\ilyin\github\spacesodomyonline\server\server\release\control.obj
c:\users\ilyin\github\spacesodomyonline\server\server\release\color.obj
c:\users\ilyin\github\spacesodomyonline\server\server\release\camera.obj
c:\users\ilyin\github\spacesodomyonline\server\server\release\vec2.obj
c:\users\ilyin\github\spacesodomyonline\server\server\release\object.obj
c:\users\ilyin\github\spacesodomyonline\server\server\release\gun.obj
c:\users\ilyin\github\spacesodomyonline\server\server\release\engine.obj
c:\users\ilyin\github\spacesodomyonline\server\server\release\cell.obj
c:\users\ilyin\github\spacesodomyonline\server\server\release\system.collision.obj
c:\users\ilyin\github\spacesodomyonline\server\server\release\player.obj
c:\users\ilyin\github\spacesodomyonline\server\server\release\bonus.obj
c:\users\ilyin\github\spacesodomyonline\server\release\server.exe
c:\users\ilyin\github\spacesodomyonline\server\release\server.pdb
c:\users\ilyin\github\spacesodomyonline\server\release\server.ipdb
c:\users\ilyin\github\spacesodomyonline\server\release\server.iobj
c:\users\ilyin\github\spacesodomyonline\server\server\release\server.tlog\cl.command.1.tlog
c:\users\ilyin\github\spacesodomyonline\server\server\release\server.tlog\cl.read.1.tlog
c:\users\ilyin\github\spacesodomyonline\server\server\release\server.tlog\cl.write.1.tlog
c:\users\ilyin\github\spacesodomyonline\server\server\release\server.tlog\link.command.1.tlog
c:\users\ilyin\github\spacesodomyonline\server\server\release\server.tlog\link.delete.1.tlog
c:\users\ilyin\github\spacesodomyonline\server\server\release\server.tlog\link.read.1.tlog
c:\users\ilyin\github\spacesodomyonline\server\server\release\server.tlog\link.write.1.tlog
c:\users\ilyin\github\spacesodomyonline\server\server\release\server.tlog\server.write.1u.tlog
