c:\users\zennn\source\ss\spacesodomyonline\client\client\release\vc142.pdb
c:\users\zennn\source\ss\spacesodomyonline\client\client\release\object.obj
c:\users\zennn\source\ss\spacesodomyonline\client\client\release\mouse.obj
c:\users\zennn\source\ss\spacesodomyonline\client\client\release\main.obj
c:\users\zennn\source\ss\spacesodomyonline\client\client\release\getmillicount.obj
c:\users\zennn\source\ss\spacesodomyonline\client\client\release\geometry.obj
c:\users\zennn\source\ss\spacesodomyonline\client\client\release\gamepad.obj
c:\users\zennn\source\ss\spacesodomyonline\client\client\release\drawsystem.objects.obj
c:\users\zennn\source\ss\spacesodomyonline\client\client\release\drawsystem.loadtextures.obj
c:\users\zennn\source\ss\spacesodomyonline\client\client\release\drawsystem.drawwalls.obj
c:\users\zennn\source\ss\spacesodomyonline\client\client\release\drawsystem.obj
c:\users\zennn\source\ss\spacesodomyonline\client\client\release\drawsystem.basics.obj
c:\users\zennn\source\ss\spacesodomyonline\client\client\release\control.setsounds.obj
c:\users\zennn\source\ss\spacesodomyonline\client\client\release\control.events.obj
c:\users\zennn\source\ss\spacesodomyonline\client\client\release\control.obj
c:\users\zennn\source\ss\spacesodomyonline\client\client\release\color.obj
c:\users\zennn\source\ss\spacesodomyonline\client\client\release\cell.obj
c:\users\zennn\source\ss\spacesodomyonline\client\client\release\camera.obj
c:\users\zennn\source\ss\spacesodomyonline\client\client\release\bonus.obj
c:\users\zennn\source\ss\spacesodomyonline\client\client\release\audio.obj
c:\users\zennn\source\ss\spacesodomyonline\client\client\release\animation.obj
c:\users\zennn\source\ss\spacesodomyonline\client\client\release\vec2.obj
c:\users\zennn\source\ss\spacesodomyonline\client\client\release\system.obj
c:\users\zennn\source\ss\spacesodomyonline\client\client\release\sound.obj
c:\users\zennn\source\ss\spacesodomyonline\client\client\release\replay.obj
c:\users\zennn\source\ss\spacesodomyonline\client\client\release\random.obj
c:\users\zennn\source\ss\spacesodomyonline\client\client\release\player.obj
c:\users\zennn\source\ss\spacesodomyonline\client\client\release\parameter.obj
c:\users\zennn\source\ss\spacesodomyonline\client\release\client.exe
c:\users\zennn\source\ss\spacesodomyonline\client\release\client.pdb
c:\users\zennn\source\ss\spacesodomyonline\client\client\release\client.tlog\cl.command.1.tlog
c:\users\zennn\source\ss\spacesodomyonline\client\client\release\client.tlog\cl.read.1.tlog
c:\users\zennn\source\ss\spacesodomyonline\client\client\release\client.tlog\cl.write.1.tlog
c:\users\zennn\source\ss\spacesodomyonline\client\client\release\client.tlog\link.command.1.tlog
c:\users\zennn\source\ss\spacesodomyonline\client\client\release\client.tlog\link.read.1.tlog
c:\users\zennn\source\ss\spacesodomyonline\client\client\release\client.tlog\link.write.1.tlog
