  DrawSystem.cpp
C:\Users\ilyin\GitHub\SpaceSodomyOnline\Client\Client\DrawSystem.cpp(39,50): warning C4244: 'argument': conversion from 'double' to 'T', possible loss of data
C:\Users\ilyin\GitHub\SpaceSodomyOnline\Client\Client\DrawSystem.cpp(39,50): warning C4244:         with
C:\Users\ilyin\GitHub\SpaceSodomyOnline\Client\Client\DrawSystem.cpp(39,50): warning C4244:         [
C:\Users\ilyin\GitHub\SpaceSodomyOnline\Client\Client\DrawSystem.cpp(39,50): warning C4244:             T=float
C:\Users\ilyin\GitHub\SpaceSodomyOnline\Client\Client\DrawSystem.cpp(39,50): warning C4244:         ]
C:\Users\ilyin\GitHub\SpaceSodomyOnline\Client\Client\DrawSystem.cpp(39,47): warning C4244: 'argument': conversion from 'double' to 'T', possible loss of data
C:\Users\ilyin\GitHub\SpaceSodomyOnline\Client\Client\DrawSystem.cpp(39,47): warning C4244:         with
C:\Users\ilyin\GitHub\SpaceSodomyOnline\Client\Client\DrawSystem.cpp(39,47): warning C4244:         [
C:\Users\ilyin\GitHub\SpaceSodomyOnline\Client\Client\DrawSystem.cpp(39,47): warning C4244:             T=float
C:\Users\ilyin\GitHub\SpaceSodomyOnline\Client\Client\DrawSystem.cpp(39,47): warning C4244:         ]
C:\Users\ilyin\GitHub\SpaceSodomyOnline\Client\Client\DrawSystem.cpp(52,61): warning C4244: 'argument': conversion from 'double' to 'T', possible loss of data
C:\Users\ilyin\GitHub\SpaceSodomyOnline\Client\Client\DrawSystem.cpp(52,61): warning C4244:         with
C:\Users\ilyin\GitHub\SpaceSodomyOnline\Client\Client\DrawSystem.cpp(52,61): warning C4244:         [
C:\Users\ilyin\GitHub\SpaceSodomyOnline\Client\Client\DrawSystem.cpp(52,61): warning C4244:             T=float
C:\Users\ilyin\GitHub\SpaceSodomyOnline\Client\Client\DrawSystem.cpp(52,61): warning C4244:         ]
C:\Users\ilyin\GitHub\SpaceSodomyOnline\Client\Client\DrawSystem.cpp(52,26): warning C4244: 'argument': conversion from 'double' to 'T', possible loss of data
C:\Users\ilyin\GitHub\SpaceSodomyOnline\Client\Client\DrawSystem.cpp(52,26): warning C4244:         with
C:\Users\ilyin\GitHub\SpaceSodomyOnline\Client\Client\DrawSystem.cpp(52,26): warning C4244:         [
C:\Users\ilyin\GitHub\SpaceSodomyOnline\Client\Client\DrawSystem.cpp(52,26): warning C4244:             T=float
C:\Users\ilyin\GitHub\SpaceSodomyOnline\Client\Client\DrawSystem.cpp(52,26): warning C4244:         ]
C:\Users\ilyin\GitHub\SpaceSodomyOnline\Client\Client\DrawSystem.cpp(53,41): warning C4244: 'argument': conversion from 'double' to 'T', possible loss of data
C:\Users\ilyin\GitHub\SpaceSodomyOnline\Client\Client\DrawSystem.cpp(53,41): warning C4244:         with
C:\Users\ilyin\GitHub\SpaceSodomyOnline\Client\Client\DrawSystem.cpp(53,41): warning C4244:         [
C:\Users\ilyin\GitHub\SpaceSodomyOnline\Client\Client\DrawSystem.cpp(53,41): warning C4244:             T=float
C:\Users\ilyin\GitHub\SpaceSodomyOnline\Client\Client\DrawSystem.cpp(53,41): warning C4244:         ]
C:\Users\ilyin\GitHub\SpaceSodomyOnline\Client\Client\DrawSystem.cpp(53,22): warning C4244: 'argument': conversion from 'double' to 'T', possible loss of data
C:\Users\ilyin\GitHub\SpaceSodomyOnline\Client\Client\DrawSystem.cpp(53,22): warning C4244:         with
C:\Users\ilyin\GitHub\SpaceSodomyOnline\Client\Client\DrawSystem.cpp(53,22): warning C4244:         [
C:\Users\ilyin\GitHub\SpaceSodomyOnline\Client\Client\DrawSystem.cpp(53,22): warning C4244:             T=float
C:\Users\ilyin\GitHub\SpaceSodomyOnline\Client\Client\DrawSystem.cpp(53,22): warning C4244:         ]
C:\Users\ilyin\GitHub\SpaceSodomyOnline\Client\Client\DrawSystem.cpp(55,42): warning C4244: 'argument': conversion from 'double' to 'float', possible loss of data
C:\Users\ilyin\GitHub\SpaceSodomyOnline\Client\Client\DrawSystem.cpp(303,50): warning C4244: 'argument': conversion from 'double' to 'T', possible loss of data
C:\Users\ilyin\GitHub\SpaceSodomyOnline\Client\Client\DrawSystem.cpp(303,50): warning C4244:         with
C:\Users\ilyin\GitHub\SpaceSodomyOnline\Client\Client\DrawSystem.cpp(303,50): warning C4244:         [
C:\Users\ilyin\GitHub\SpaceSodomyOnline\Client\Client\DrawSystem.cpp(303,50): warning C4244:             T=float
C:\Users\ilyin\GitHub\SpaceSodomyOnline\Client\Client\DrawSystem.cpp(303,50): warning C4244:         ]
C:\Users\ilyin\GitHub\SpaceSodomyOnline\Client\Client\DrawSystem.cpp(303,47): warning C4244: 'argument': conversion from 'double' to 'T', possible loss of data
C:\Users\ilyin\GitHub\SpaceSodomyOnline\Client\Client\DrawSystem.cpp(303,47): warning C4244:         with
C:\Users\ilyin\GitHub\SpaceSodomyOnline\Client\Client\DrawSystem.cpp(303,47): warning C4244:         [
C:\Users\ilyin\GitHub\SpaceSodomyOnline\Client\Client\DrawSystem.cpp(303,47): warning C4244:             T=float
C:\Users\ilyin\GitHub\SpaceSodomyOnline\Client\Client\DrawSystem.cpp(303,47): warning C4244:         ]
C:\Users\ilyin\GitHub\SpaceSodomyOnline\Client\Client\DrawSystem.cpp(427,21): warning C4018: '<': signed/unsigned mismatch
C:\Users\ilyin\GitHub\SpaceSodomyOnline\Client\Client\DrawSystem.cpp(432,94): warning C4244: 'argument': conversion from 'double' to 'int', possible loss of data
C:\Users\ilyin\GitHub\SpaceSodomyOnline\Client\Client\DrawSystem.cpp(433,116): warning C4244: 'argument': conversion from 'double' to 'int', possible loss of data
C:\Users\ilyin\GitHub\SpaceSodomyOnline\Client\Client\DrawSystem.cpp(434,118): warning C4244: 'argument': conversion from 'double' to 'int', possible loss of data
C:\Users\ilyin\GitHub\SpaceSodomyOnline\Client\Client\DrawSystem.cpp(435,120): warning C4244: 'argument': conversion from 'double' to 'int', possible loss of data
C:\Users\ilyin\GitHub\SpaceSodomyOnline\Client\Client\DrawSystem.cpp(449,20): warning C4018: '<': signed/unsigned mismatch
C:\Users\ilyin\GitHub\SpaceSodomyOnline\Client\Client\DrawSystem.cpp(455,20): warning C4018: '<': signed/unsigned mismatch
  Generating code
  0 of 1658 functions ( 0.0%) were compiled, the rest were copied from previous compilation.
    0 functions were new in current compilation
    0 functions had inline decision re-evaluated but remain unchanged
  Finished generating code
  Client.vcxproj -> C:\Users\ilyin\GitHub\SpaceSodomyOnline\Client\Release\Client.exe
